[19:20:21] [main/INFO] (FabricLoader/GameProvider) Loading for game Minecraft 1.18
[19:20:21] [main/INFO] (FabricLoader) Loading 50 mods:
	- fabric 0.43.1+1.18
	- fabric-api-base 0.4.1+b4f4f6cd14
	- fabric-api-lookup-api-v1 1.3.5+3ac43d9514
	- fabric-biome-api-v1 6.0.1+3ac43d9514
	- fabric-blockrenderlayer-v1 1.1.9+3ac43d9514
	- fabric-command-api-v1 1.1.6+3ac43d9514
	- fabric-commands-v0 0.2.5+b4f4f6cd14
	- fabric-containers-v0 0.1.18+d154e2c614
	- fabric-content-registries-v0 0.4.5+6f53a73d14
	- fabric-crash-report-info-v1 0.1.8+3ac43d9514
	- fabric-dimensions-v1 2.1.7+43d2957114
	- fabric-entity-events-v1 1.4.5+6b21378a14
	- fabric-events-interaction-v0 0.4.15+3ac43d9514
	- fabric-events-lifecycle-v0 0.2.5+b4f4f6cd14
	- fabric-game-rule-api-v1 1.0.10+3ac43d9514
	- fabric-gametest-api-v1 1.0.5+03d159cf14
	- fabric-item-api-v1 1.2.7+3ac43d9514
	- fabric-item-groups-v0 0.3.3+3ac43d9514
	- fabric-key-binding-api-v1 1.0.8+c8aba2f314
	- fabric-keybindings-v0 0.2.6+b4f4f6cd14
	- fabric-lifecycle-events-v1 1.4.10+c15ca33514
	- fabric-loot-tables-v1 1.0.8+3ac43d9514
	- fabric-mining-level-api-v1 1.0.3+3ac43d9514
	- fabric-mining-levels-v0 0.1.7+b4f4f6cd14
	- fabric-models-v0 0.3.3+3ac43d9514
	- fabric-networking-api-v1 1.0.18+3ac43d9514
	- fabric-networking-v0 0.3.5+b4f4f6cd14
	- fabric-object-builder-api-v1 1.10.13+3ac43d9514
	- fabric-object-builders-v0 0.7.7+3ac43d9514
	- fabric-particles-v1 0.2.9+526dc1ac14
	- fabric-registry-sync-v0 0.8.5+3ac43d9514
	- fabric-renderer-api-v1 0.4.9+3ac43d9514
	- fabric-renderer-indigo 0.4.12+3ac43d9514
	- fabric-renderer-registries-v1 3.2.7+b4f4f6cd14
	- fabric-rendering-data-attachment-v1 0.3.3+d154e2c614
	- fabric-rendering-fluids-v1 0.1.18+3ac43d9514
	- fabric-rendering-v0 1.1.9+b4f4f6cd14
	- fabric-rendering-v1 1.10.3+6b21378a14
	- fabric-resource-loader-v0 0.4.11+3ac43d9514
	- fabric-screen-api-v1 1.0.7+3ac43d9514
	- fabric-screen-handler-api-v1 1.1.11+3ac43d9514
	- fabric-structure-api-v1 2.0.8+295197a714
	- fabric-tag-extensions-v0 1.2.5+3ac43d9514
	- fabric-textures-v0 1.0.9+3ac43d9514
	- fabric-tool-attribute-api-v1 1.3.4+7de09f5514
	- fabric-transfer-api-v1 1.5.4+b4f4f6cd14
	- fabricloader 0.12.6
	- java 17
	- jeffclick 1.0.0
	- minecraft 1.18
[19:20:21] [main/INFO] (FabricLoader/Mixin) SpongePowered MIXIN Subsystem Version=0.8.4 Source=file:/C:/Users/insol/.gradle/caches/modules-2/files-2.1/net.fabricmc/sponge-mixin/0.10.7+mixin.0.8.4/7a4ca9d54d9ae564dea0363d668036a8420ed9b8/sponge-mixin-0.10.7+mixin.0.8.4.jar Service=Knot/Fabric Env=CLIENT
[19:20:22] [main/INFO] (FabricLoader/Mixin) Loaded Fabric development mappings for mixin remapper!
[19:20:22] [main/INFO] (FabricLoader/Mixin) Compatibility level set to JAVA_17
[19:20:27] [main/WARN] (FabricLoader/Mixin) @Inject(@At("INVOKE")) Shift.BY=3 on fabric-lifecycle-events-v1.mixins.json:client.WorldChunkMixin::handler$zdi000$onLoadBlockEntity exceeds the maximum allowed value: 0. Increase the value of maxShiftBy to suppress this warning.
[19:20:30] [Render thread/INFO] (Minecraft) Environment: authHost='https://authserver.mojang.com', accountsHost='https://api.mojang.com', sessionHost='https://sessionserver.mojang.com', servicesHost='https://api.minecraftservices.com', name='PROD'
[19:20:31] [Render thread/ERROR] (Minecraft) Failed to verify authentication
com.mojang.authlib.exceptions.InvalidCredentialsException: Status: 401
	at com.mojang.authlib.exceptions.MinecraftClientHttpException.toAuthenticationException(MinecraftClientHttpException.java:56) ~[authlib-3.2.38.jar:?]
	at com.mojang.authlib.yggdrasil.YggdrasilUserApiService.fetchProperties(YggdrasilUserApiService.java:132) ~[authlib-3.2.38.jar:?]
	at com.mojang.authlib.yggdrasil.YggdrasilUserApiService.<init>(YggdrasilUserApiService.java:44) ~[authlib-3.2.38.jar:?]
	at com.mojang.authlib.yggdrasil.YggdrasilAuthenticationService.createUserApiService(YggdrasilAuthenticationService.java:153) ~[authlib-3.2.38.jar:?]
	at net.minecraft.client.MinecraftClient.createUserApiService(MinecraftClient.java:667) [minecraft-mapped.jar:?]
	at net.minecraft.client.MinecraftClient.<init>(MinecraftClient.java:499) [minecraft-mapped.jar:?]
	at net.minecraft.client.main.Main.main(Main.java:178) [minecraft-mapped.jar:?]
	at jdk.internal.reflect.NativeMethodAccessorImpl.invoke0(Native Method) ~[?:?]
	at jdk.internal.reflect.NativeMethodAccessorImpl.invoke(NativeMethodAccessorImpl.java:77) ~[?:?]
	at jdk.internal.reflect.DelegatingMethodAccessorImpl.invoke(DelegatingMethodAccessorImpl.java:43) ~[?:?]
	at java.lang.reflect.Method.invoke(Method.java:568) ~[?:?]
	at net.fabricmc.loader.impl.game.minecraft.MinecraftGameProvider.launch(MinecraftGameProvider.java:599) [fabric-loader-0.12.6.jar:?]
	at net.fabricmc.loader.impl.launch.knot.Knot.launch(Knot.java:77) [fabric-loader-0.12.6.jar:?]
	at net.fabricmc.loader.impl.launch.knot.KnotClient.main(KnotClient.java:23) [fabric-loader-0.12.6.jar:?]
	at net.fabricmc.devlaunchinjector.Main.main(Main.java:86) [dev-launch-injector-0.2.1+build.8.jar:?]
Caused by: com.mojang.authlib.exceptions.MinecraftClientHttpException: Status: 401
	at com.mojang.authlib.minecraft.client.MinecraftClient.readInputStream(MinecraftClient.java:78) ~[authlib-3.2.38.jar:?]
	at com.mojang.authlib.minecraft.client.MinecraftClient.get(MinecraftClient.java:48) ~[authlib-3.2.38.jar:?]
	at com.mojang.authlib.yggdrasil.YggdrasilUserApiService.fetchProperties(YggdrasilUserApiService.java:113) ~[authlib-3.2.38.jar:?]
	... 13 more
[19:20:31] [Render thread/INFO] (Minecraft) Setting user: Player664
[19:20:31] [Render thread/INFO] (Indigo) [Indigo] Registering Indigo renderer!
[19:20:32] [Render thread/INFO] (Minecraft) Backend library: LWJGL version 3.2.2 build 10
[19:20:34] [Render thread/INFO] (Minecraft) Narrator library for x64 successfully loaded
[19:20:35] [Render thread/INFO] (Minecraft) Reloading ResourceManager: Default, Fabric Mods (JEFF autoclicker, Fabric BlockRenderLayer Registration (v1), Fabric Rendering Data Attachment (v1), Fabric Game Rule API (v1), Fabric API Base, Fabric Networking (v0), Fabric Rendering (v1), Fabric Registry Sync (v0), Fabric Object Builder API (v1), Fabric Entity Events (v1), Fabric Biome API (v1), Fabric Events Lifecycle (v0), Fabric Renderer Registries (v1), Fabric Models (v0), Fabric Lifecycle Events (v1), Fabric Textures (v0), Fabric Mining Levels (v0), Fabric API, Fabric Networking API (v1), Fabric Renderer API (v1), Fabric Resource Loader (v0), Fabric Crash Report Info (v1), Fabric Containers (v0), Fabric Key Binding API (v1), Fabric Item API (v1), Fabric Loot Tables (v1), Fabric Particles (v1), Fabric Structure API (v1), Fabric Rendering Fluids (v1), Fabric Events Interaction (v0), Fabric Mining Level API (v1), Fabric API Lookup API (v1), Fabric Renderer - Indigo, Fabric Screen API (v1), Fabric Content Registries (v0), Fabric Game Test API (v1), Fabric Command API (v1), Fabric Tag Extensions (v0), Fabric Screen Handler API (v1), Fabric Commands (v0), Fabric Dimensions API (v1), Fabric Rendering (v0), Fabric Transfer API (v1), Fabric Item Groups (v0), Fabric Key Bindings (v0), Fabric Object Builders (v0), Fabric Tool Attribute API (v1), Fabric Loader)
[19:20:35] [Render thread/INFO] (jeffclick) This line is printed by an example mod mixin!
[19:20:36] [Realms Notification Availability checker #1/INFO] (Minecraft) Could not authorize you against Realms server: Invalid session id
[19:20:38] [Render thread/INFO] (Minecraft) OpenAL initialized on device OpenAL Soft on Headset Earphone (CORSAIR VIRTUOSO Wireless Gaming Headset)
[19:20:38] [Render thread/INFO] (Minecraft) Sound engine started
[19:20:38] [Render thread/INFO] (Minecraft) Created: 1024x1024x4 minecraft:textures/atlas/blocks.png-atlas
[19:20:38] [Render thread/INFO] (Minecraft) Created: 256x128x4 minecraft:textures/atlas/signs.png-atlas
[19:20:38] [Render thread/INFO] (Minecraft) Created: 1024x512x4 minecraft:textures/atlas/banner_patterns.png-atlas
[19:20:38] [Render thread/INFO] (Minecraft) Created: 1024x512x4 minecraft:textures/atlas/shield_patterns.png-atlas
[19:20:38] [Render thread/INFO] (Minecraft) Created: 256x256x4 minecraft:textures/atlas/chest.png-atlas
[19:20:38] [Render thread/INFO] (Minecraft) Created: 512x256x4 minecraft:textures/atlas/beds.png-atlas
[19:20:38] [Render thread/INFO] (Minecraft) Created: 512x256x4 minecraft:textures/atlas/shulker_boxes.png-atlas
[19:20:39] [Render thread/INFO] (Minecraft) Created: 256x256x0 minecraft:textures/atlas/particles.png-atlas
[19:20:39] [Render thread/INFO] (Minecraft) Created: 256x256x0 minecraft:textures/atlas/paintings.png-atlas
[19:20:39] [Render thread/INFO] (Minecraft) Created: 256x128x0 minecraft:textures/atlas/mob_effects.png-atlas
[19:20:39] [Render thread/INFO] (jeffclick) This line is printed by an example mod mixin!
[19:21:28] [Render thread/WARN] (Minecraft) Ambiguity between arguments [teleport, location] and [teleport, destination] with inputs: [0.1 -0.5 .9, 0 0 0]
[19:21:28] [Render thread/WARN] (Minecraft) Ambiguity between arguments [teleport, location] and [teleport, targets] with inputs: [0.1 -0.5 .9, 0 0 0]
[19:21:28] [Render thread/WARN] (Minecraft) Ambiguity between arguments [teleport, destination] and [teleport, targets] with inputs: [Player, 0123, @e, dd12be42-52a9-4a91-a8a1-11c01849e498]
[19:21:28] [Render thread/WARN] (Minecraft) Ambiguity between arguments [teleport, targets] and [teleport, destination] with inputs: [Player, 0123, dd12be42-52a9-4a91-a8a1-11c01849e498]
[19:21:28] [Render thread/WARN] (Minecraft) Ambiguity between arguments [teleport, targets, location] and [teleport, targets, destination] with inputs: [0.1 -0.5 .9, 0 0 0]
[19:21:28] [Render thread/INFO] (Minecraft) Reloading ResourceManager: Default, Fabric Mods (Fabric Game Test API (v1), Fabric Tool Attribute API (v1))
[19:21:28] [Render thread/INFO] (Minecraft) Loaded 7 recipes
[19:21:28] [Render thread/INFO] (Minecraft) Loaded 1141 advancements
[19:21:28] [Render thread/INFO] (BiomeModificationImpl) Applied 0 biome modifications to 0 of 61 new biomes in 1.400 ms
[19:21:29] [Render thread/INFO] (Minecraft) Environment: authHost='https://authserver.mojang.com', accountsHost='https://api.mojang.com', sessionHost='https://sessionserver.mojang.com', servicesHost='https://api.minecraftservices.com', name='PROD'
[19:21:29] [Server thread/INFO] (Minecraft) Starting integrated minecraft server version 1.18
[19:21:29] [Server thread/INFO] (Minecraft) Generating keypair
[19:21:29] [Server thread/INFO] (Minecraft) Preparing start region for dimension minecraft:overworld
[19:21:30] [Render thread/INFO] (Minecraft) Preparing spawn area: 0%
[19:21:30] [Render thread/INFO] (Minecraft) Preparing spawn area: 0%
[19:21:30] [Render thread/INFO] (Minecraft) Preparing spawn area: 0%
[19:21:31] [Render thread/INFO] (Minecraft) Preparing spawn area: 5%
[19:21:31] [Render thread/INFO] (Minecraft) Preparing spawn area: 15%
[19:21:32] [Render thread/INFO] (Minecraft) Preparing spawn area: 31%
[19:21:32] [Render thread/INFO] (Minecraft) Preparing spawn area: 56%
[19:21:33] [Render thread/INFO] (Minecraft) Preparing spawn area: 69%
[19:21:33] [Render thread/INFO] (Minecraft) Preparing spawn area: 85%
[19:21:34] [Render thread/INFO] (Minecraft) Time elapsed: 4288 ms
[19:21:34] [Server thread/INFO] (Minecraft) Changing view distance to 12, from 10
[19:21:34] [Server thread/INFO] (Minecraft) Changing simulation distance to 12, from 0
[19:21:34] [Server thread/INFO] (Minecraft) Player664[local:E:c91bdfc0] logged in with entity id 115 at (26.91065317206522, -59.0, 38.22357037279035)
[19:21:34] [Server thread/INFO] (Minecraft) Player664 joined the game
[19:21:35] [Render thread/INFO] (Minecraft) Loaded 3 advancements
[19:21:39] [Render thread/INFO] (Minecraft) [STDOUT]: pressed
[19:21:39] [Render thread/INFO] (Minecraft) [STDOUT]: isActive state: true
[19:21:51] [Server thread/INFO] (Minecraft) Saving and pausing game...
[19:21:51] [Server thread/INFO] (Minecraft) Saving chunks for level 'ServerLevel[New World]'/minecraft:overworld
[19:21:51] [Server thread/INFO] (Minecraft) Saving chunks for level 'ServerLevel[New World]'/minecraft:the_nether
[19:21:51] [Server thread/INFO] (Minecraft) Saving chunks for level 'ServerLevel[New World]'/minecraft:the_end
[19:21:52] [Server thread/INFO] (Minecraft) Player664 lost connection: Disconnected
[19:21:52] [Server thread/INFO] (Minecraft) Player664 left the game
[19:21:52] [Server thread/INFO] (Minecraft) Stopping singleplayer server as player logged out
[19:21:52] [Server thread/INFO] (Minecraft) Stopping server
[19:21:52] [Server thread/INFO] (Minecraft) Saving players
[19:21:52] [Server thread/INFO] (Minecraft) Saving worlds
[19:21:52] [Server thread/INFO] (Minecraft) Saving chunks for level 'ServerLevel[New World]'/minecraft:overworld
[19:21:52] [Server thread/INFO] (Minecraft) Saving chunks for level 'ServerLevel[New World]'/minecraft:the_nether
[19:21:52] [Server thread/INFO] (Minecraft) Saving chunks for level 'ServerLevel[New World]'/minecraft:the_end
[19:21:52] [Server thread/INFO] (Minecraft) ThreadedAnvilChunkStorage (New World (1)): All chunks are saved
[19:21:52] [Server thread/INFO] (Minecraft) ThreadedAnvilChunkStorage (DIM-1): All chunks are saved
[19:21:52] [Server thread/INFO] (Minecraft) ThreadedAnvilChunkStorage (DIM1): All chunks are saved
[19:21:52] [Server thread/INFO] (Minecraft) ThreadedAnvilChunkStorage: All dimensions are saved
[19:21:52] [Render thread/INFO] (jeffclick) This line is printed by an example mod mixin!
[19:21:52] [Render thread/INFO] (Minecraft) Stopping!
